[2022-08-12T12:50:19.048Z] Log level: Info
[2022-08-12T12:50:19.051Z] [info] Validating found git in: git
[2022-08-12T12:50:19.087Z] [info] Using git 2.25.1 from git
[2022-08-12T12:50:19.126Z] > git rev-parse --show-toplevel [26ms]
[2022-08-12T12:50:19.127Z] fatal: not a git repository (or any of the parent directories): .git
[2022-08-12T12:50:19.160Z] > git rev-parse --show-toplevel [24ms]
[2022-08-12T12:50:19.160Z] fatal: not a git repository (or any of the parent directories): .git
[2022-08-12T12:50:19.176Z] > git rev-parse --show-toplevel [8ms]
[2022-08-12T12:50:19.176Z] fatal: not a git repository (or any of the parent directories): .git
[2022-08-12T12:50:19.191Z] > git rev-parse --show-toplevel [7ms]
[2022-08-12T12:50:19.191Z] fatal: not a git repository (or any of the parent directories): .git
[2022-08-12T12:50:19.203Z] > git rev-parse --show-toplevel [5ms]
[2022-08-12T12:50:19.203Z] fatal: not a git repository (or any of the parent directories): .git
[2022-08-12T12:50:19.247Z] > git rev-parse --show-toplevel [33ms]
[2022-08-12T12:50:19.247Z] fatal: not a git repository (or any of the parent directories): .git
[2022-08-12T12:50:19.266Z] > git rev-parse --show-toplevel [12ms]
[2022-08-12T12:50:19.266Z] fatal: not a git repository (or any of the parent directories): .git
[2022-08-12T12:50:19.277Z] > git rev-parse --show-toplevel [4ms]
[2022-08-12T12:50:19.277Z] fatal: not a git repository (or any of the parent directories): .git
[2022-08-12T12:50:19.283Z] > git rev-parse --show-toplevel [1ms]
[2022-08-12T12:50:19.283Z] fatal: not a git repository (or any of the parent directories): .git
[2022-08-12T12:50:19.736Z] > git rev-parse --show-toplevel [9ms]
[2022-08-12T12:50:19.736Z] fatal: not a git repository (or any of the parent directories): .git
[2022-08-12T12:50:19.779Z] > git rev-parse --show-toplevel [8ms]
[2022-08-12T12:50:19.779Z] fatal: not a git repository (or any of the parent directories): .git
